<?xml version="1.0" encoding="UTF-8"?>
<!-- Generated by org.testng.reporters.JUnitReportReporter -->
<testsuite hostname="Murali" failures="0" tests="1" name="com.testclasses.ResgiterTest" time="0.657" errors="0" timestamp="2025-01-18T13:39:55 IST" skipped="0">
  <testcase classname="com.testclasses.ResgiterTest" name="registerpage" time="0.657"/>
</testsuite> <!-- com.testclasses.ResgiterTest -->
