<?xml version="1.0" encoding="UTF-8"?>
<!-- Generated by org.testng.reporters.JUnitReportReporter -->
<testsuite hostname="Murali" failures="0" tests="1" name="com.testclasses.RegisterationPageTest" time="14.529" errors="0" timestamp="2025-01-18T15:24:01 IST" skipped="0">
  <testcase classname="com.testclasses.RegisterationPageTest" name="registerationPageTest" time="14.529"/>
</testsuite> <!-- com.testclasses.RegisterationPageTest -->
